<?xml version="1.0" encoding="UTF-8"?>
<testsuite xmlns:xsi="http://www.w3.org/2001/XMLSchema-instance" xsi:noNamespaceSchemaLocation="https://maven.apache.org/surefire/maven-surefire-plugin/xsd/surefire-test-report-3.0.xsd" version="3.0" name="mx.tecmilenio.testing.UsernamePolicyTest" time="0.018" tests="4" errors="0" skipped="0" failures="0">
  <properties>
[...]
</properties>
  <testcase name="usernameWithSpacesShouldBeInvalid" classname="mx.tecmilenio.testing.UsernamePolicyTest" time="0.004"/>
  <testcase name="usernameWithThreeCharactersShouldBeValid" classname="mx.tecmilenio.testing.UsernamePolicyTest" time="0.002"/>
  <testcase name="usernameWithTwoCharactersShouldBeInvalid" classname="mx.tecmilenio.testing.UsernamePolicyTest" time="0.002"/>
  <testcase name="nullUsernameShouldBeInvalid" classname="mx.tecmilenio.testing.UsernamePolicyTest" time="0.003"/>
</testsuite>